<?xml version="1.0" encoding="UTF-8"?>
<testsuite xmlns:xsi="http://www.w3.org/2001/XMLSchema-instance" xsi:noNamespaceSchemaLocation="https://maven.apache.org/surefire/maven-surefire-plugin/xsd/surefire-test-report.xsd" version="3.0.2" name="cucumber.Options.TestRunner" time="26.598" tests="6" errors="0" skipped="0" failures="0">
  <properties>
[...]
</properties>
  <testcase name="Verification of UI Elements" classname="Login Validation Feature" time="4.488">
    <system-out><![CDATA[
Scenario: Verification of UI Elements    &amp#27;[90m# src/test/java/features/LoginPageValidation.feature:3&amp#27;[0m
Browser is: chrome
Open the url for Login Page
  &amp#27;[32mGiven &amp#27;[0m&amp#27;[32mOpen the url for Login Page&amp#27;[0m      &amp#27;[90m# stepDefinition.LoginPageStepDefinition.open_the_url_for_login_page()&amp#27;[0m
verify_username_fields_is_present
  &amp#27;[32mThen &amp#27;[0m&amp#27;[32mVerify username fields is present&amp#27;[0m &amp#27;[90m# stepDefinition.LoginPageStepDefinition.verify_username_fields_is_present()&amp#27;[0m
Verify password field is present
  &amp#27;[32mAnd &amp#27;[0m&amp#27;[32mVerify password field is present&amp#27;[0m   &amp#27;[90m# stepDefinition.LoginPageStepDefinition.verify_password_field_is_present()&amp#27;[0m
Verify Login Button is present
  &amp#27;[32mAnd &amp#27;[0m&amp#27;[32mVerify Login Button is present&amp#27;[0m     &amp#27;[90m# stepDefinition.LoginPageStepDefinition.verifyLoginButtonIsPresent()&amp#27;[0m
]]></system-out>
  </testcase>
  <testcase name="Test Validation with valid Credentials" classname="Login Validation Feature" time="3.302">
    <system-out><![CDATA[
Scenario Outline: Test Validation with valid Credentials &amp#27;[90m# src/test/java/features/LoginPageValidation.feature:17&amp#27;[0m
Browser is: chrome
Open the url for Login Page
  &amp#27;[32mGiven &amp#27;[0m&amp#27;[32mOpen the url for Login Page&amp#27;[0m                      &amp#27;[90m# stepDefinition.LoginPageStepDefinition.open_the_url_for_login_page()&amp#27;[0m
  &amp#27;[32mWhen &amp#27;[0m&amp#27;[32mEnter the &amp#27;[0m&amp#27;[32m&amp#27;[1m"standard_user"&amp#27;[0m&amp#27;[32m and &amp#27;[0m&amp#27;[32m&amp#27;[1m"secret_sauce"&amp#27;[0m      &amp#27;[90m# stepDefinition.LoginPageStepDefinition.enterTheAnd(java.lang.String,java.lang.String)&amp#27;[0m
  &amp#27;[32mAnd &amp#27;[0m&amp#27;[32mClick login Button&amp#27;[0m                                 &amp#27;[90m# stepDefinition.LoginPageStepDefinition.clickLoginButton()&amp#27;[0m
  &amp#27;[32mThen &amp#27;[0m&amp#27;[32mVerify the user is directed to product Page&amp#27;[0m       &amp#27;[90m# stepDefinition.LoginPageStepDefinition.verifyTheUserIsDirectedToProductPage()&amp#27;[0m
]]></system-out>
  </testcase>
  <testcase name="Test Validation with Invalid Credentials" classname="Login Validation Feature" time="3.187">
    <system-out><![CDATA[
Scenario Outline: Test Validation with Invalid Credentials &amp#27;[90m# src/test/java/features/LoginPageValidation.feature:26&amp#27;[0m
Browser is: chrome
Open the url for Login Page
  &amp#27;[32mGiven &amp#27;[0m&amp#27;[32mOpen the url for Login Page&amp#27;[0m                        &amp#27;[90m# stepDefinition.LoginPageStepDefinition.open_the_url_for_login_page()&amp#27;[0m
  &amp#27;[32mWhen &amp#27;[0m&amp#27;[32mEnter the &amp#27;[0m&amp#27;[32m&amp#27;[1m"locked_out_user1"&amp#27;[0m&amp#27;[32m and &amp#27;[0m&amp#27;[32m&amp#27;[1m"secret_sauce"&amp#27;[0m     &amp#27;[90m# stepDefinition.LoginPageStepDefinition.enterTheAnd(java.lang.String,java.lang.String)&amp#27;[0m
  &amp#27;[32mAnd &amp#27;[0m&amp#27;[32mClick login Button&amp#27;[0m                                   &amp#27;[90m# stepDefinition.LoginPageStepDefinition.clickLoginButton()&amp#27;[0m
Error Message Epic sadface: Username and password do not match any user in this service
  &amp#27;[32mThen &amp#27;[0m&amp#27;[32mVerify the error message&amp#27;[0m                            &amp#27;[90m# stepDefinition.LoginPageStepDefinition.verifyTheErrorMessage()&amp#27;[0m
]]></system-out>
  </testcase>
  <testcase name="Verify if the Product Page Loads correctly" classname="Product Page UI Validation" time="5.02">
    <system-out><![CDATA[
Scenario: Verify if the Product Page Loads correctly &amp#27;[90m# src/test/java/features/ProductPageValidation.feature:8&amp#27;[0m
Browser is: chrome
Open the url for Login Page
  &amp#27;[32mGiven &amp#27;[0m&amp#27;[32mOpen the url for Login Page&amp#27;[0m                  &amp#27;[90m# stepDefinition.LoginPageStepDefinition.open_the_url_for_login_page()&amp#27;[0m
  &amp#27;[32mWhen &amp#27;[0m&amp#27;[32mEnter the &amp#27;[0m&amp#27;[32m&amp#27;[1m"standard_user"&amp#27;[0m&amp#27;[32m and &amp#27;[0m&amp#27;[32m&amp#27;[1m"secret_sauce"&amp#27;[0m  &amp#27;[90m# stepDefinition.LoginPageStepDefinition.enterTheAnd(java.lang.String,java.lang.String)&amp#27;[0m
  &amp#27;[32mAnd &amp#27;[0m&amp#27;[32mClick login Button&amp#27;[0m                             &amp#27;[90m# stepDefinition.LoginPageStepDefinition.clickLoginButton()&amp#27;[0m
  &amp#27;[32mThen &amp#27;[0m&amp#27;[32mVerify the user is directed to product Page&amp#27;[0m   &amp#27;[90m# stepDefinition.LoginPageStepDefinition.verifyTheUserIsDirectedToProductPage()&amp#27;[0m
  &amp#27;[32mAnd &amp#27;[0m&amp#27;[32mVerify if all product images are loaded&amp#27;[0m        &amp#27;[90m# stepDefinition.ProductPageStepDefinition.verifyIfAllProductImagesAreLoaded()&amp#27;[0m
  &amp#27;[32mAnd &amp#27;[0m&amp#27;[32mVerify if all product names are loaded&amp#27;[0m         &amp#27;[90m# stepDefinition.ProductPageStepDefinition.verifyIfAllProductNamesAreLoaded()&amp#27;[0m
  &amp#27;[32mAnd &amp#27;[0m&amp#27;[32mVerify if all product prices are loaded&amp#27;[0m        &amp#27;[90m# stepDefinition.ProductPageStepDefinition.verifyIfAllProductPricesAreLoaded()&amp#27;[0m
ImHere
  &amp#27;[32mAnd &amp#27;[0m&amp#27;[32mVerify if all product addToCarts are loaded&amp#27;[0m    &amp#27;[90m# stepDefinition.ProductPageStepDefinition.verifyIfAllProductAddToCartsAreLoaded()&amp#27;[0m
]]></system-out>
  </testcase>
  <testcase name="Add the products to the cart" classname="Product Page UI Validation" time="4.365">
    <system-out><![CDATA[
Scenario: Add the products to the cart                &amp#27;[90m# src/test/java/features/ProductPageValidation.feature:15&amp#27;[0m
Browser is: chrome
Open the url for Login Page
  &amp#27;[32mGiven &amp#27;[0m&amp#27;[32mOpen the url for Login Page&amp#27;[0m                   &amp#27;[90m# stepDefinition.LoginPageStepDefinition.open_the_url_for_login_page()&amp#27;[0m
  &amp#27;[32mWhen &amp#27;[0m&amp#27;[32mEnter the &amp#27;[0m&amp#27;[32m&amp#27;[1m"standard_user"&amp#27;[0m&amp#27;[32m and &amp#27;[0m&amp#27;[32m&amp#27;[1m"secret_sauce"&amp#27;[0m   &amp#27;[90m# stepDefinition.LoginPageStepDefinition.enterTheAnd(java.lang.String,java.lang.String)&amp#27;[0m
  &amp#27;[32mAnd &amp#27;[0m&amp#27;[32mClick login Button&amp#27;[0m                              &amp#27;[90m# stepDefinition.LoginPageStepDefinition.clickLoginButton()&amp#27;[0m
  &amp#27;[32mWhen &amp#27;[0m&amp#27;[32mChoose the following products:&amp#27;[0m                 &amp#27;[90m# stepDefinition.ProductPageStepDefinition.choose_the_following_products(io.cucumber.datatable.DataTable)&amp#27;[0m
    | product             |
    | Sauce Labs Backpack |
    | Sauce Labs Onesie   |
chk for icon count
  &amp#27;[32mThen &amp#27;[0m&amp#27;[32mVerify if cart icon properly updates the count&amp#27;[0m &amp#27;[90m# stepDefinition.ProductPageStepDefinition.verifyIfCartIconProperlyUpdatesTheCount()&amp#27;[0m
click cart icon
  &amp#27;[32mAnd &amp#27;[0m&amp#27;[32mClick cart icon&amp#27;[0m                                 &amp#27;[90m# stepDefinition.ProductPageStepDefinition.clickCartIcon()&amp#27;[0m
products added
  &amp#27;[32mThen &amp#27;[0m&amp#27;[32mVerify if all the products added&amp#27;[0m               &amp#27;[90m# stepDefinition.ProductPageStepDefinition.verifyIfAllTheProductsAdded()&amp#27;[0m
]]></system-out>
  </testcase>
  <testcase name="Cart Page Validation" classname="Product Page UI Validation" time="3.595">
    <system-out><![CDATA[
Scenario: Cart Page Validation                      &amp#27;[90m# src/test/java/features/ProductPageValidation.feature:24&amp#27;[0m
Browser is: chrome
Open the url for Login Page
  &amp#27;[32mGiven &amp#27;[0m&amp#27;[32mOpen the url for Login Page&amp#27;[0m                 &amp#27;[90m# stepDefinition.LoginPageStepDefinition.open_the_url_for_login_page()&amp#27;[0m
  &amp#27;[32mWhen &amp#27;[0m&amp#27;[32mEnter the &amp#27;[0m&amp#27;[32m&amp#27;[1m"standard_user"&amp#27;[0m&amp#27;[32m and &amp#27;[0m&amp#27;[32m&amp#27;[1m"secret_sauce"&amp#27;[0m &amp#27;[90m# stepDefinition.LoginPageStepDefinition.enterTheAnd(java.lang.String,java.lang.String)&amp#27;[0m
  &amp#27;[32mAnd &amp#27;[0m&amp#27;[32mClick login Button&amp#27;[0m                            &amp#27;[90m# stepDefinition.LoginPageStepDefinition.clickLoginButton()&amp#27;[0m
click cart icon
  &amp#27;[32mAnd &amp#27;[0m&amp#27;[32mClick cart icon&amp#27;[0m                               &amp#27;[90m# stepDefinition.ProductPageStepDefinition.clickCartIcon()&amp#27;[0m
  &amp#27;[32mThen &amp#27;[0m&amp#27;[32mVerify all the products name and price&amp#27;[0m       &amp#27;[90m# stepDefinition.ProductPageStepDefinition.verifyAllTheProductsNameAndPrice()&amp#27;[0m
Verify the total amount
  &amp#27;[32mAnd &amp#27;[0m&amp#27;[32mVerify the total amount&amp#27;[0m                       &amp#27;[90m# stepDefinition.ProductPageStepDefinition.verifyTheTotalAmount()&amp#27;[0m
  &amp#27;[32mAnd &amp#27;[0m&amp#27;[32mVerify the checkout button is present&amp#27;[0m         &amp#27;[90m# stepDefinition.ProductPageStepDefinition.verifyTheCheckoutButtonIsPresent()&amp#27;[0m
]]></system-out>
  </testcase>
</testsuite>